0 info it worked if it ends with ok
1 verbose cli [ 'C:\\Program Files\\nodejs\\node.exe',
1 verbose cli   'C:\\Program Files\\nodejs\\node_modules\\npm\\bin\\npm-cli.js',
1 verbose cli   'install' ]
2 info using npm@4.1.2
3 info using node@v7.5.0
4 silly loadCurrentTree Starting
5 silly install loadCurrentTree
6 silly install readLocalPackageData
7 silly install normalizeTree
8 silly loadCurrentTree Finishing
9 silly loadIdealTree Starting
10 silly install loadIdealTree
11 silly cloneCurrentTree Starting
12 silly install cloneCurrentTreeToIdealTree
13 silly cloneCurrentTree Finishing
14 silly loadShrinkwrap Starting
15 silly install loadShrinkwrap
16 silly loadShrinkwrap Finishing
17 silly loadAllDepsIntoIdealTree Starting
18 silly install loadAllDepsIntoIdealTree
19 silly loadAllDepsIntoIdealTree Finishing
20 silly loadIdealTree Finishing
21 silly currentTree portfmaju@1.0.0
21 silly currentTree +-- bootstrap@3.3.7
21 silly currentTree `-- font-awesome@4.7.0
22 silly idealTree portfmaju@1.0.0
22 silly idealTree +-- bootstrap@3.3.7
22 silly idealTree `-- font-awesome@4.7.0
23 silly generateActionsToTake Starting
24 silly install generateActionsToTake
25 silly generateActionsToTake Finishing
26 silly diffTrees action count 0
27 silly decomposeActions action count 0
28 silly runTopLevelLifecycles Starting
29 silly install runPreinstallTopLevelLifecycles
30 silly preinstall portfmaju@1.0.0
31 info lifecycle portfmaju@1.0.0~preinstall: portfmaju@1.0.0
32 verbose lifecycle portfmaju@1.0.0~preinstall: unsafe-perm in lifecycle true
33 verbose lifecycle portfmaju@1.0.0~preinstall: PATH: C:\Program Files\nodejs\node_modules\npm\bin\node-gyp-bin;C:\Users\maria.carvalho\Projetof\node_modules\.bin;C:\Users\maria.carvalho\bin;C:\Program Files\Git\mingw64\bin;C:\Program Files\Git\usr\local\bin;C:\Program Files\Git\usr\bin;C:\Program Files\Git\usr\bin;C:\Program Files\Git\mingw64\bin;C:\Program Files\Git\usr\bin;C:\Users\maria.carvalho\bin;C:\ProgramData\Oracle\Java\javapath;C:\Program Files (x86)\Intel\iCLS Client;C:\Program Files\Intel\iCLS Client;C:\WINDOWS\system32;C:\WINDOWS;C:\WINDOWS\System32\Wbem;C:\WINDOWS\System32\WindowsPowerShell\v1.0;C:\Program Files (x86)\Intel\Intel(R) Management Engine Components\DAL;C:\Program Files\Intel\Intel(R) Management Engine Components\DAL;C:\Program Files (x86)\Intel\Intel(R) Management Engine Components\IPT;C:\Program Files\Intel\Intel(R) Management Engine Components\IPT;C:\PROGRA~2\Griaule\FINGER~1\bin;C:\Program Files (x86)\Microsoft SQL Server\100\Tools\Binn\VSShell\Common7\IDE;C:\Program Files (x86)\Microsoft SQL Server\100\Tools\Binn;C:\Program Files\Microsoft SQL Server\100\Tools\Binn;C:\Program Files (x86)\Microsoft SQL Server\100\DTS\Binn;C:\Program Files\Microsoft\Web Platform Installer;C:\Program Files (x86)\Microsoft ASP.NET\ASP.NET Web Pages\v1.0;C:\Program Files\Microsoft SQL Server\110\Tools\Binn;C:\Program Files\nodejs;C:\Program Files\Git\cmd;C:\Program Files (x86)\Skype\Phone;C:\Python27;C:\Program Files (x86)\Windows Kits\8.1\Windows Performance Toolkit;C:\Program Files\TortoiseSVN\bin;C:\Program Files (x86)\Brackets\command;C:\Users\maria.carvalho\AppData\Local\Microsoft\WindowsApps;C:\Program Files\Git\usr\bin\vendor_perl;C:\Program Files\Git\usr\bin\core_perl
34 verbose lifecycle portfmaju@1.0.0~preinstall: CWD: C:\Users\maria.carvalho\Projetof
35 silly lifecycle portfmaju@1.0.0~preinstall: Args: [ '/d /s /c',
35 silly lifecycle   'mkdirp src/components/bootstrap/ src/components/font-awesome/' ]
36 silly lifecycle portfmaju@1.0.0~preinstall: Returned: code: 1  signal: null
37 info lifecycle portfmaju@1.0.0~preinstall: Failed to exec preinstall script
38 silly rollbackFailedOptional Starting
39 silly rollbackFailedOptional Finishing
40 silly runTopLevelLifecycles Finishing
41 silly install printInstalled
42 warn portfmaju@1.0.0 No description
43 verbose If you need help, you may report this error at:
43 verbose     <https://github.com/npm/npm/issues>
44 warn portfmaju@1.0.0 No repository field.
45 verbose If you need help, you may report this error at:
45 verbose     <https://github.com/npm/npm/issues>
46 verbose stack Error: portfmaju@1.0.0 preinstall: `mkdirp src/components/bootstrap/ src/components/font-awesome/`
46 verbose stack Exit status 1
46 verbose stack     at EventEmitter.<anonymous> (C:\Program Files\nodejs\node_modules\npm\lib\utils\lifecycle.js:279:16)
46 verbose stack     at emitTwo (events.js:106:13)
46 verbose stack     at EventEmitter.emit (events.js:192:7)
46 verbose stack     at ChildProcess.<anonymous> (C:\Program Files\nodejs\node_modules\npm\lib\utils\spawn.js:40:14)
46 verbose stack     at emitTwo (events.js:106:13)
46 verbose stack     at ChildProcess.emit (events.js:192:7)
46 verbose stack     at maybeClose (internal/child_process.js:890:16)
46 verbose stack     at Process.ChildProcess._handle.onexit (internal/child_process.js:226:5)
47 verbose pkgid portfmaju@1.0.0
48 verbose cwd C:\Users\maria.carvalho\Projetof
49 error Windows_NT 10.0.14393
50 error argv "C:\\Program Files\\nodejs\\node.exe" "C:\\Program Files\\nodejs\\node_modules\\npm\\bin\\npm-cli.js" "install"
51 error node v7.5.0
52 error npm  v4.1.2
53 error code ELIFECYCLE
54 error portfmaju@1.0.0 preinstall: `mkdirp src/components/bootstrap/ src/components/font-awesome/`
54 error Exit status 1
55 error Failed at the portfmaju@1.0.0 preinstall script 'mkdirp src/components/bootstrap/ src/components/font-awesome/'.
55 error Make sure you have the latest version of node.js and npm installed.
55 error If you do, this is most likely a problem with the portfmaju package,
55 error not with npm itself.
55 error Tell the author that this fails on your system:
55 error     mkdirp src/components/bootstrap/ src/components/font-awesome/
55 error You can get information on how to open an issue for this project with:
55 error     npm bugs portfmaju
55 error Or if that isn't available, you can get their info via:
55 error     npm owner ls portfmaju
55 error There is likely additional logging output above.
56 verbose exit [ 1, true ]
